-- The C compiler identification is GNU 9.4.0
-- The CXX compiler identification is GNU 9.4.0
-- Check for working C compiler: /usr/bin/cc
-- Check for working C compiler: /usr/bin/cc -- works
-- Detecting C compiler ABI info
-- Detecting C compiler ABI info - done
-- Detecting C compile features
-- Detecting C compile features - done
-- Check for working CXX compiler: /usr/bin/c++
-- Check for working CXX compiler: /usr/bin/c++ -- works
-- Detecting CXX compiler ABI info
-- Detecting CXX compiler ABI info - done
-- Detecting CXX compile features
-- Detecting CXX compile features - done
-- Found ament_cmake: 1.1.5 (/opt/ros/galactic/share/ament_cmake/cmake)
-- Found PythonInterp: /usr/bin/python3 (found suitable version "3.8.10", minimum required is "3") 
-- Using PYTHON_EXECUTABLE: /usr/bin/python3
-- Found interfaces: 0.0.0 (/home/cjc/openCal/install/interfaces/share/interfaces/cmake)
-- Found std_msgs: 2.2.4 (/opt/ros/galactic/share/std_msgs/cmake)
-- Using all available rosidl_typesupport_c: rosidl_typesupport_fastrtps_c;rosidl_typesupport_introspection_c
-- Found rosidl_adapter: 2.2.1 (/opt/ros/galactic/share/rosidl_adapter/cmake)
-- Found OpenSSL: /usr/lib/aarch64-linux-gnu/libcrypto.so (found version "1.1.1f")  
-- Found FastRTPS: /opt/ros/galactic/include  
-- Using all available rosidl_typesupport_cpp: rosidl_typesupport_fastrtps_cpp;rosidl_typesupport_introspection_cpp
-- Found ament_lint_auto: 0.10.6 (/opt/ros/galactic/share/ament_lint_auto/cmake)
-- Added test 'copyright' to check source files copyright and LICENSE
-- Added test 'cppcheck' to perform static code analysis on C / C++ code
-- Configured cppcheck include dirs: $<BUILD_INTERFACE:/home/cjc/openCal/src/motor_controller_cpp/include>
-- Configured cppcheck exclude dirs and/or files: 
-- Added test 'cpplint' to check C / C++ code against the Google style
-- Configured cpplint exclude dirs and/or files: 
-- Added test 'lint_cmake' to check CMake code style
-- Added test 'uncrustify' to check C / C++ code style
-- Configured uncrustify additional arguments: 
-- Added test 'xmllint' to check XML markup files
-- Configuring done
-- Generating done
-- Build files have been written to: /home/cjc/openCal/build/motor_controller_cpp
[35m[1mScanning dependencies of target motor_controller[0m
[ 50%] [32mBuilding CXX object CMakeFiles/motor_controller.dir/src/motor_controller.cpp.o[0m
[100%] [32m[1mLinking CXX executable motor_controller[0m
[100%] Built target motor_controller
-- Install configuration: ""
-- Installing: /home/cjc/openCal/install/motor_controller_cpp/lib/motor_controller_cpp/motor_controller
-- Set runtime path of "/home/cjc/openCal/install/motor_controller_cpp/lib/motor_controller_cpp/motor_controller" to ""
-- Installing: /home/cjc/openCal/install/motor_controller_cpp/share/ament_index/resource_index/package_run_dependencies/motor_controller_cpp
-- Installing: /home/cjc/openCal/install/motor_controller_cpp/share/ament_index/resource_index/parent_prefix_path/motor_controller_cpp
-- Installing: /home/cjc/openCal/install/motor_controller_cpp/share/motor_controller_cpp/environment/ament_prefix_path.sh
-- Installing: /home/cjc/openCal/install/motor_controller_cpp/share/motor_controller_cpp/environment/ament_prefix_path.dsv
-- Installing: /home/cjc/openCal/install/motor_controller_cpp/share/motor_controller_cpp/environment/path.sh
-- Installing: /home/cjc/openCal/install/motor_controller_cpp/share/motor_controller_cpp/environment/path.dsv
-- Installing: /home/cjc/openCal/install/motor_controller_cpp/share/motor_controller_cpp/local_setup.bash
-- Installing: /home/cjc/openCal/install/motor_controller_cpp/share/motor_controller_cpp/local_setup.sh
-- Installing: /home/cjc/openCal/install/motor_controller_cpp/share/motor_controller_cpp/local_setup.zsh
-- Installing: /home/cjc/openCal/install/motor_controller_cpp/share/motor_controller_cpp/local_setup.dsv
-- Installing: /home/cjc/openCal/install/motor_controller_cpp/share/motor_controller_cpp/package.dsv
-- Installing: /home/cjc/openCal/install/motor_controller_cpp/share/ament_index/resource_index/packages/motor_controller_cpp
-- Installing: /home/cjc/openCal/install/motor_controller_cpp/share/motor_controller_cpp/cmake/motor_controller_cppConfig.cmake
-- Installing: /home/cjc/openCal/install/motor_controller_cpp/share/motor_controller_cpp/cmake/motor_controller_cppConfig-version.cmake
-- Installing: /home/cjc/openCal/install/motor_controller_cpp/share/motor_controller_cpp/package.xml
