[0.091s] Invoking command in '/home/cjc/openCal/build/motor_controller_cpp': AMENT_PREFIX_PATH=/home/cjc/openCal/install/interfaces:${AMENT_PREFIX_PATH} CMAKE_PREFIX_PATH=/home/cjc/openCal/install/interfaces:/opt/ros/galactic /usr/bin/cmake /home/cjc/openCal/src/motor_controller_cpp -DCMAKE_INSTALL_PREFIX=/home/cjc/openCal/install/motor_controller_cpp
[1.284s] -- The C compiler identification is GNU 9.4.0
[1.287s] -- The CXX compiler identification is GNU 9.4.0
[1.288s] -- Check for working C compiler: /usr/bin/cc
[1.290s] -- Check for working C compiler: /usr/bin/cc -- works
[1.293s] -- Detecting C compiler ABI info
[1.298s] -- Detecting C compiler ABI info - done
[1.300s] -- Detecting C compile features
[1.301s] -- Detecting C compile features - done
[1.301s] -- Check for working CXX compiler: /usr/bin/c++
[1.482s] -- Check for working CXX compiler: /usr/bin/c++ -- works
[1.485s] -- Detecting CXX compiler ABI info
[1.797s] -- Detecting CXX compiler ABI info - done
[1.835s] -- Detecting CXX compile features
[1.837s] -- Detecting CXX compile features - done
[1.858s] -- Found ament_cmake: 1.1.5 (/opt/ros/galactic/share/ament_cmake/cmake)
[1.980s] -- Found PythonInterp: /usr/bin/python3 (found suitable version "3.8.10", minimum required is "3") 
[1.981s] -- Using PYTHON_EXECUTABLE: /usr/bin/python3
[2.433s] -- Found interfaces: 0.0.0 (/home/cjc/openCal/install/interfaces/share/interfaces/cmake)
[2.454s] -- Found std_msgs: 2.2.4 (/opt/ros/galactic/share/std_msgs/cmake)
[2.760s] -- Using all available rosidl_typesupport_c: rosidl_typesupport_fastrtps_c;rosidl_typesupport_introspection_c
[2.839s] -- Found rosidl_adapter: 2.2.1 (/opt/ros/galactic/share/rosidl_adapter/cmake)
[3.482s] -- Found OpenSSL: /usr/lib/aarch64-linux-gnu/libcrypto.so (found version "1.1.1f")  
[3.754s] -- Found FastRTPS: /opt/ros/galactic/include  
[4.445s] -- Using all available rosidl_typesupport_cpp: rosidl_typesupport_fastrtps_cpp;rosidl_typesupport_introspection_cpp
[4.903s] -- Found ament_lint_auto: 0.10.6 (/opt/ros/galactic/share/ament_lint_auto/cmake)
[5.369s] -- Added test 'copyright' to check source files copyright and LICENSE
[5.377s] -- Added test 'cppcheck' to perform static code analysis on C / C++ code
[5.378s] -- Configured cppcheck include dirs: $<BUILD_INTERFACE:/home/cjc/openCal/src/motor_controller_cpp/include>
[5.378s] -- Configured cppcheck exclude dirs and/or files: 
[5.384s] -- Added test 'cpplint' to check C / C++ code against the Google style
[5.384s] -- Configured cpplint exclude dirs and/or files: 
[5.388s] -- Added test 'lint_cmake' to check CMake code style
[5.396s] -- Added test 'uncrustify' to check C / C++ code style
[5.396s] -- Configured uncrustify additional arguments: 
[5.399s] -- Added test 'xmllint' to check XML markup files
[5.418s] -- Configuring done
[5.443s] -- Generating done
[5.450s] -- Build files have been written to: /home/cjc/openCal/build/motor_controller_cpp
[5.482s] Invoked command in '/home/cjc/openCal/build/motor_controller_cpp' returned '0': AMENT_PREFIX_PATH=/home/cjc/openCal/install/interfaces:${AMENT_PREFIX_PATH} CMAKE_PREFIX_PATH=/home/cjc/openCal/install/interfaces:/opt/ros/galactic /usr/bin/cmake /home/cjc/openCal/src/motor_controller_cpp -DCMAKE_INSTALL_PREFIX=/home/cjc/openCal/install/motor_controller_cpp
[5.492s] Invoking command in '/home/cjc/openCal/build/motor_controller_cpp': AMENT_PREFIX_PATH=/home/cjc/openCal/install/interfaces:${AMENT_PREFIX_PATH} CMAKE_PREFIX_PATH=/home/cjc/openCal/install/interfaces:/opt/ros/galactic /usr/bin/cmake --build /home/cjc/openCal/build/motor_controller_cpp -- -j4 -l4
[5.659s] [35m[1mScanning dependencies of target motor_controller[0m
[5.707s] [ 50%] [32mBuilding CXX object CMakeFiles/motor_controller.dir/src/motor_controller.cpp.o[0m
[5.886s] [100%] [32m[1mLinking CXX executable motor_controller[0m
[6.128s] [100%] Built target motor_controller
[6.176s] Invoked command in '/home/cjc/openCal/build/motor_controller_cpp' returned '0': AMENT_PREFIX_PATH=/home/cjc/openCal/install/interfaces:${AMENT_PREFIX_PATH} CMAKE_PREFIX_PATH=/home/cjc/openCal/install/interfaces:/opt/ros/galactic /usr/bin/cmake --build /home/cjc/openCal/build/motor_controller_cpp -- -j4 -l4
[6.301s] Invoking command in '/home/cjc/openCal/build/motor_controller_cpp': AMENT_PREFIX_PATH=/home/cjc/openCal/install/interfaces:${AMENT_PREFIX_PATH} CMAKE_PREFIX_PATH=/home/cjc/openCal/install/interfaces:/opt/ros/galactic /usr/bin/cmake --install /home/cjc/openCal/build/motor_controller_cpp
[6.343s] -- Install configuration: ""
[6.345s] -- Installing: /home/cjc/openCal/install/motor_controller_cpp/lib/motor_controller_cpp/motor_controller
[6.347s] -- Set runtime path of "/home/cjc/openCal/install/motor_controller_cpp/lib/motor_controller_cpp/motor_controller" to ""
[6.349s] -- Installing: /home/cjc/openCal/install/motor_controller_cpp/share/ament_index/resource_index/package_run_dependencies/motor_controller_cpp
[6.350s] -- Installing: /home/cjc/openCal/install/motor_controller_cpp/share/ament_index/resource_index/parent_prefix_path/motor_controller_cpp
[6.352s] -- Installing: /home/cjc/openCal/install/motor_controller_cpp/share/motor_controller_cpp/environment/ament_prefix_path.sh
[6.353s] -- Installing: /home/cjc/openCal/install/motor_controller_cpp/share/motor_controller_cpp/environment/ament_prefix_path.dsv
[6.355s] -- Installing: /home/cjc/openCal/install/motor_controller_cpp/share/motor_controller_cpp/environment/path.sh
[6.356s] -- Installing: /home/cjc/openCal/install/motor_controller_cpp/share/motor_controller_cpp/environment/path.dsv
[6.358s] -- Installing: /home/cjc/openCal/install/motor_controller_cpp/share/motor_controller_cpp/local_setup.bash
[6.359s] -- Installing: /home/cjc/openCal/install/motor_controller_cpp/share/motor_controller_cpp/local_setup.sh
[6.361s] -- Installing: /home/cjc/openCal/install/motor_controller_cpp/share/motor_controller_cpp/local_setup.zsh
[6.362s] -- Installing: /home/cjc/openCal/install/motor_controller_cpp/share/motor_controller_cpp/local_setup.dsv
[6.364s] -- Installing: /home/cjc/openCal/install/motor_controller_cpp/share/motor_controller_cpp/package.dsv
[6.365s] -- Installing: /home/cjc/openCal/install/motor_controller_cpp/share/ament_index/resource_index/packages/motor_controller_cpp
[6.367s] -- Installing: /home/cjc/openCal/install/motor_controller_cpp/share/motor_controller_cpp/cmake/motor_controller_cppConfig.cmake
[6.368s] -- Installing: /home/cjc/openCal/install/motor_controller_cpp/share/motor_controller_cpp/cmake/motor_controller_cppConfig-version.cmake
[6.369s] -- Installing: /home/cjc/openCal/install/motor_controller_cpp/share/motor_controller_cpp/package.xml
[6.389s] Invoked command in '/home/cjc/openCal/build/motor_controller_cpp' returned '0': AMENT_PREFIX_PATH=/home/cjc/openCal/install/interfaces:${AMENT_PREFIX_PATH} CMAKE_PREFIX_PATH=/home/cjc/openCal/install/interfaces:/opt/ros/galactic /usr/bin/cmake --install /home/cjc/openCal/build/motor_controller_cpp
