running egg_info
creating ../../build/motor_controller_py/motor_controller_py.egg-info
writing ../../build/motor_controller_py/motor_controller_py.egg-info/PKG-INFO
writing dependency_links to ../../build/motor_controller_py/motor_controller_py.egg-info/dependency_links.txt
writing entry points to ../../build/motor_controller_py/motor_controller_py.egg-info/entry_points.txt
writing requirements to ../../build/motor_controller_py/motor_controller_py.egg-info/requires.txt
writing top-level names to ../../build/motor_controller_py/motor_controller_py.egg-info/top_level.txt
writing manifest file '../../build/motor_controller_py/motor_controller_py.egg-info/SOURCES.txt'
reading manifest file '../../build/motor_controller_py/motor_controller_py.egg-info/SOURCES.txt'
writing manifest file '../../build/motor_controller_py/motor_controller_py.egg-info/SOURCES.txt'
running build
running build_py
creating /home/cjc/openCal/build/motor_controller_py/build
creating /home/cjc/openCal/build/motor_controller_py/build/lib
creating /home/cjc/openCal/build/motor_controller_py/build/lib/motor_controller_py
copying motor_controller_py/__init__.py -> /home/cjc/openCal/build/motor_controller_py/build/lib/motor_controller_py
copying motor_controller_py/motor_controller.py -> /home/cjc/openCal/build/motor_controller_py/build/lib/motor_controller_py
running install
running install_lib
creating /home/cjc/openCal/install/motor_controller_py/lib/python3.8/site-packages/motor_controller_py
copying /home/cjc/openCal/build/motor_controller_py/build/lib/motor_controller_py/__init__.py -> /home/cjc/openCal/install/motor_controller_py/lib/python3.8/site-packages/motor_controller_py
copying /home/cjc/openCal/build/motor_controller_py/build/lib/motor_controller_py/motor_controller.py -> /home/cjc/openCal/install/motor_controller_py/lib/python3.8/site-packages/motor_controller_py
byte-compiling /home/cjc/openCal/install/motor_controller_py/lib/python3.8/site-packages/motor_controller_py/__init__.py to __init__.cpython-38.pyc
byte-compiling /home/cjc/openCal/install/motor_controller_py/lib/python3.8/site-packages/motor_controller_py/motor_controller.py to motor_controller.cpython-38.pyc
running install_data
creating /home/cjc/openCal/install/motor_controller_py/share/ament_index
creating /home/cjc/openCal/install/motor_controller_py/share/ament_index/resource_index
creating /home/cjc/openCal/install/motor_controller_py/share/ament_index/resource_index/packages
copying resource/motor_controller_py -> /home/cjc/openCal/install/motor_controller_py/share/ament_index/resource_index/packages
copying package.xml -> /home/cjc/openCal/install/motor_controller_py/share/motor_controller_py
running install_egg_info
Copying ../../build/motor_controller_py/motor_controller_py.egg-info to /home/cjc/openCal/install/motor_controller_py/lib/python3.8/site-packages/motor_controller_py-0.0.0-py3.8.egg-info
running install_scripts
Installing motor_controller script to /home/cjc/openCal/install/motor_controller_py/lib/motor_controller_py
writing list of installed files to '/home/cjc/openCal/build/motor_controller_py/install.log'
