[4.862s] Invoking command in '/home/cjc/openCal/src/motor_controller_py': AMENT_PREFIX_PATH=/home/cjc/openCal/install/interfaces:${AMENT_PREFIX_PATH} CMAKE_PREFIX_PATH=/home/cjc/openCal/install/interfaces PYTHONPATH=/home/cjc/openCal/install/motor_controller_py/lib/python3.8/site-packages:${PYTHONPATH} /usr/bin/python3 setup.py egg_info --egg-base ../../build/motor_controller_py build --build-base /home/cjc/openCal/build/motor_controller_py/build install --prefix /home/cjc/openCal/install/motor_controller_py --record /home/cjc/openCal/build/motor_controller_py/install.log --single-version-externally-managed
[6.074s] running egg_info
[6.076s] creating ../../build/motor_controller_py/motor_controller_py.egg-info
[6.078s] writing ../../build/motor_controller_py/motor_controller_py.egg-info/PKG-INFO
[6.080s] writing dependency_links to ../../build/motor_controller_py/motor_controller_py.egg-info/dependency_links.txt
[6.081s] writing entry points to ../../build/motor_controller_py/motor_controller_py.egg-info/entry_points.txt
[6.082s] writing requirements to ../../build/motor_controller_py/motor_controller_py.egg-info/requires.txt
[6.082s] writing top-level names to ../../build/motor_controller_py/motor_controller_py.egg-info/top_level.txt
[6.088s] writing manifest file '../../build/motor_controller_py/motor_controller_py.egg-info/SOURCES.txt'
[6.236s] reading manifest file '../../build/motor_controller_py/motor_controller_py.egg-info/SOURCES.txt'
[6.239s] writing manifest file '../../build/motor_controller_py/motor_controller_py.egg-info/SOURCES.txt'
[6.240s] running build
[6.242s] running build_py
[6.244s] creating /home/cjc/openCal/build/motor_controller_py/build
[6.246s] creating /home/cjc/openCal/build/motor_controller_py/build/lib
[6.248s] creating /home/cjc/openCal/build/motor_controller_py/build/lib/motor_controller_py
[6.249s] copying motor_controller_py/__init__.py -> /home/cjc/openCal/build/motor_controller_py/build/lib/motor_controller_py
[6.249s] copying motor_controller_py/motor_controller.py -> /home/cjc/openCal/build/motor_controller_py/build/lib/motor_controller_py
[6.252s] running install
[6.252s] running install_lib
[6.258s] creating /home/cjc/openCal/install/motor_controller_py/lib/python3.8/site-packages/motor_controller_py
[6.260s] copying /home/cjc/openCal/build/motor_controller_py/build/lib/motor_controller_py/__init__.py -> /home/cjc/openCal/install/motor_controller_py/lib/python3.8/site-packages/motor_controller_py
[6.262s] copying /home/cjc/openCal/build/motor_controller_py/build/lib/motor_controller_py/motor_controller.py -> /home/cjc/openCal/install/motor_controller_py/lib/python3.8/site-packages/motor_controller_py
[6.264s] byte-compiling /home/cjc/openCal/install/motor_controller_py/lib/python3.8/site-packages/motor_controller_py/__init__.py to __init__.cpython-38.pyc
[6.266s] byte-compiling /home/cjc/openCal/install/motor_controller_py/lib/python3.8/site-packages/motor_controller_py/motor_controller.py to motor_controller.cpython-38.pyc
[6.268s] running install_data
[6.270s] creating /home/cjc/openCal/install/motor_controller_py/share/ament_index
[6.278s] creating /home/cjc/openCal/install/motor_controller_py/share/ament_index/resource_index
[6.282s] creating /home/cjc/openCal/install/motor_controller_py/share/ament_index/resource_index/packages
[6.282s] copying resource/motor_controller_py -> /home/cjc/openCal/install/motor_controller_py/share/ament_index/resource_index/packages
[6.283s] copying package.xml -> /home/cjc/openCal/install/motor_controller_py/share/motor_controller_py
[6.283s] running install_egg_info
[6.289s] Copying ../../build/motor_controller_py/motor_controller_py.egg-info to /home/cjc/openCal/install/motor_controller_py/lib/python3.8/site-packages/motor_controller_py-0.0.0-py3.8.egg-info
[6.290s] running install_scripts
[6.391s] Installing motor_controller script to /home/cjc/openCal/install/motor_controller_py/lib/motor_controller_py
[6.395s] writing list of installed files to '/home/cjc/openCal/build/motor_controller_py/install.log'
[6.565s] Invoked command in '/home/cjc/openCal/src/motor_controller_py' returned '0': AMENT_PREFIX_PATH=/home/cjc/openCal/install/interfaces:${AMENT_PREFIX_PATH} CMAKE_PREFIX_PATH=/home/cjc/openCal/install/interfaces PYTHONPATH=/home/cjc/openCal/install/motor_controller_py/lib/python3.8/site-packages:${PYTHONPATH} /usr/bin/python3 setup.py egg_info --egg-base ../../build/motor_controller_py build --build-base /home/cjc/openCal/build/motor_controller_py/build install --prefix /home/cjc/openCal/install/motor_controller_py --record /home/cjc/openCal/build/motor_controller_py/install.log --single-version-externally-managed
