[0.046s] Invoking command in '/home/cjc/openCal/build/interfaces': CMAKE_PREFIX_PATH=/opt/ros/galactic /usr/bin/cmake /home/cjc/openCal/src/interfaces -DCMAKE_INSTALL_PREFIX=/home/cjc/openCal/install/interfaces
[1.132s] -- The C compiler identification is GNU 9.4.0
[1.868s] -- The CXX compiler identification is GNU 9.4.0
[1.899s] -- Check for working C compiler: /usr/bin/cc
[2.308s] -- Check for working C compiler: /usr/bin/cc -- works
[2.318s] -- Detecting C compiler ABI info
[2.599s] -- Detecting C compiler ABI info - done
[2.636s] -- Detecting C compile features
[2.638s] -- Detecting C compile features - done
[2.650s] -- Check for working CXX compiler: /usr/bin/c++
[2.952s] -- Check for working CXX compiler: /usr/bin/c++ -- works
[2.957s] -- Detecting CXX compiler ABI info
[3.270s] -- Detecting CXX compiler ABI info - done
[3.308s] -- Detecting CXX compile features
[3.310s] -- Detecting CXX compile features - done
[3.348s] -- Found ament_cmake: 1.1.5 (/opt/ros/galactic/share/ament_cmake/cmake)
[3.490s] -- Found PythonInterp: /usr/bin/python3 (found suitable version "3.8.10", minimum required is "3") 
[3.490s] -- Using PYTHON_EXECUTABLE: /usr/bin/python3
[4.022s] -- Found ament_lint_auto: 0.10.6 (/opt/ros/galactic/share/ament_lint_auto/cmake)
[4.445s] -- Added test 'copyright' to check source files copyright and LICENSE
[4.458s] -- Added test 'lint_cmake' to check CMake code style
[4.466s] -- Added test 'xmllint' to check XML markup files
[4.480s] -- Configuring done
[4.490s] -- Generating done
[4.493s] -- Build files have been written to: /home/cjc/openCal/build/interfaces
[4.505s] Invoked command in '/home/cjc/openCal/build/interfaces' returned '0': CMAKE_PREFIX_PATH=/opt/ros/galactic /usr/bin/cmake /home/cjc/openCal/src/interfaces -DCMAKE_INSTALL_PREFIX=/home/cjc/openCal/install/interfaces
[4.514s] Invoking command in '/home/cjc/openCal/build/interfaces': CMAKE_PREFIX_PATH=/opt/ros/galactic /usr/bin/cmake --build /home/cjc/openCal/build/interfaces -- -j4 -l4
[4.655s] Invoked command in '/home/cjc/openCal/build/interfaces' returned '0': CMAKE_PREFIX_PATH=/opt/ros/galactic /usr/bin/cmake --build /home/cjc/openCal/build/interfaces -- -j4 -l4
[4.786s] Invoking command in '/home/cjc/openCal/build/interfaces': CMAKE_PREFIX_PATH=/opt/ros/galactic /usr/bin/cmake --install /home/cjc/openCal/build/interfaces
[4.838s] -- Install configuration: ""
[4.851s] -- Installing: /home/cjc/openCal/install/interfaces/share/ament_index/resource_index/package_run_dependencies/interfaces
[4.854s] -- Installing: /home/cjc/openCal/install/interfaces/share/ament_index/resource_index/parent_prefix_path/interfaces
[4.856s] -- Installing: /home/cjc/openCal/install/interfaces/share/interfaces/environment/ament_prefix_path.sh
[4.858s] -- Installing: /home/cjc/openCal/install/interfaces/share/interfaces/environment/ament_prefix_path.dsv
[4.860s] -- Installing: /home/cjc/openCal/install/interfaces/share/interfaces/environment/path.sh
[4.861s] -- Installing: /home/cjc/openCal/install/interfaces/share/interfaces/environment/path.dsv
[4.862s] -- Installing: /home/cjc/openCal/install/interfaces/share/interfaces/local_setup.bash
[4.863s] -- Installing: /home/cjc/openCal/install/interfaces/share/interfaces/local_setup.sh
[4.864s] -- Installing: /home/cjc/openCal/install/interfaces/share/interfaces/local_setup.zsh
[4.865s] -- Installing: /home/cjc/openCal/install/interfaces/share/interfaces/local_setup.dsv
[4.866s] -- Installing: /home/cjc/openCal/install/interfaces/share/interfaces/package.dsv
[4.867s] -- Installing: /home/cjc/openCal/install/interfaces/share/ament_index/resource_index/packages/interfaces
[4.868s] -- Installing: /home/cjc/openCal/install/interfaces/share/interfaces/cmake/interfacesConfig.cmake
[4.869s] -- Installing: /home/cjc/openCal/install/interfaces/share/interfaces/cmake/interfacesConfig-version.cmake
[4.869s] -- Installing: /home/cjc/openCal/install/interfaces/share/interfaces/package.xml
[4.876s] Invoked command in '/home/cjc/openCal/build/interfaces' returned '0': CMAKE_PREFIX_PATH=/opt/ros/galactic /usr/bin/cmake --install /home/cjc/openCal/build/interfaces
