[4.814s] Invoking command in '/home/cjc/openCal/src/server_py': AMENT_PREFIX_PATH=/home/cjc/openCal/install/interfaces:${AMENT_PREFIX_PATH} CMAKE_PREFIX_PATH=/home/cjc/openCal/install/interfaces PYTHONPATH=/home/cjc/openCal/install/server_py/lib/python3.8/site-packages:${PYTHONPATH} /usr/bin/python3 setup.py egg_info --egg-base ../../build/server_py build --build-base /home/cjc/openCal/build/server_py/build install --prefix /home/cjc/openCal/install/server_py --record /home/cjc/openCal/build/server_py/install.log --single-version-externally-managed
[6.022s] running egg_info
[6.025s] creating ../../build/server_py/server_py.egg-info
[6.026s] writing ../../build/server_py/server_py.egg-info/PKG-INFO
[6.028s] writing dependency_links to ../../build/server_py/server_py.egg-info/dependency_links.txt
[6.030s] writing entry points to ../../build/server_py/server_py.egg-info/entry_points.txt
[6.032s] writing requirements to ../../build/server_py/server_py.egg-info/requires.txt
[6.032s] writing top-level names to ../../build/server_py/server_py.egg-info/top_level.txt
[6.048s] writing manifest file '../../build/server_py/server_py.egg-info/SOURCES.txt'
[6.194s] reading manifest file '../../build/server_py/server_py.egg-info/SOURCES.txt'
[6.197s] writing manifest file '../../build/server_py/server_py.egg-info/SOURCES.txt'
[6.198s] running build
[6.199s] running build_py
[6.200s] creating /home/cjc/openCal/build/server_py/build
[6.201s] creating /home/cjc/openCal/build/server_py/build/lib
[6.203s] creating /home/cjc/openCal/build/server_py/build/lib/server_py
[6.203s] copying server_py/server.py -> /home/cjc/openCal/build/server_py/build/lib/server_py
[6.204s] copying server_py/__init__.py -> /home/cjc/openCal/build/server_py/build/lib/server_py
[6.205s] running install
[6.207s] running install_lib
[6.213s] creating /home/cjc/openCal/install/server_py/lib/python3.8/site-packages/server_py
[6.215s] copying /home/cjc/openCal/build/server_py/build/lib/server_py/server.py -> /home/cjc/openCal/install/server_py/lib/python3.8/site-packages/server_py
[6.217s] copying /home/cjc/openCal/build/server_py/build/lib/server_py/__init__.py -> /home/cjc/openCal/install/server_py/lib/python3.8/site-packages/server_py
[6.221s] byte-compiling /home/cjc/openCal/install/server_py/lib/python3.8/site-packages/server_py/server.py to server.cpython-38.pyc
[6.223s] byte-compiling /home/cjc/openCal/install/server_py/lib/python3.8/site-packages/server_py/__init__.py to __init__.cpython-38.pyc
[6.224s] running install_data
[6.226s] creating /home/cjc/openCal/install/server_py/share/ament_index
[6.226s] creating /home/cjc/openCal/install/server_py/share/ament_index/resource_index
[6.227s] creating /home/cjc/openCal/install/server_py/share/ament_index/resource_index/packages
[6.229s] copying resource/server_py -> /home/cjc/openCal/install/server_py/share/ament_index/resource_index/packages
[6.232s] copying package.xml -> /home/cjc/openCal/install/server_py/share/server_py
[6.233s] running install_egg_info
[6.251s] Copying ../../build/server_py/server_py.egg-info to /home/cjc/openCal/install/server_py/lib/python3.8/site-packages/server_py-0.0.0-py3.8.egg-info
[6.258s] running install_scripts
[6.327s] Installing server script to /home/cjc/openCal/install/server_py/lib/server_py
[6.332s] writing list of installed files to '/home/cjc/openCal/build/server_py/install.log'
[6.498s] Invoked command in '/home/cjc/openCal/src/server_py' returned '0': AMENT_PREFIX_PATH=/home/cjc/openCal/install/interfaces:${AMENT_PREFIX_PATH} CMAKE_PREFIX_PATH=/home/cjc/openCal/install/interfaces PYTHONPATH=/home/cjc/openCal/install/server_py/lib/python3.8/site-packages:${PYTHONPATH} /usr/bin/python3 setup.py egg_info --egg-base ../../build/server_py build --build-base /home/cjc/openCal/build/server_py/build install --prefix /home/cjc/openCal/install/server_py --record /home/cjc/openCal/build/server_py/install.log --single-version-externally-managed
